0 info it worked if it ends with ok
1 verbose cli [
1 verbose cli   'D:\\node\\node.exe',
1 verbose cli   'D:\\node\\node_modules\\npm\\bin\\npm-cli.js',
1 verbose cli   'run',
1 verbose cli   'server'
1 verbose cli ]
2 info using npm@6.12.1
3 info using node@v12.13.1
4 verbose stack Error: missing script: server
4 verbose stack
4 verbose stack Did you mean this?
4 verbose stack     serve
4 verbose stack     at run (D:\node\node_modules\npm\lib\run-script.js:155:19)
4 verbose stack     at D:\node\node_modules\npm\lib\run-script.js:63:5
4 verbose stack     at D:\node\node_modules\npm\node_modules\read-package-json\read-json.js:116:5
4 verbose stack     at D:\node\node_modules\npm\node_modules\read-package-json\read-json.js:435:5
4 verbose stack     at checkBinReferences_ (D:\node\node_modules\npm\node_modules\read-package-json\read-json.js:391:45)
4 verbose stack     at final (D:\node\node_modules\npm\node_modules\read-package-json\read-json.js:433:3)
4 verbose stack     at then (D:\node\node_modules\npm\node_modules\read-package-json\read-json.js:161:5)
4 verbose stack     at D:\node\node_modules\npm\node_modules\read-package-json\read-json.js:377:16
4 verbose stack     at D:\node\node_modules\npm\node_modules\graceful-fs\graceful-fs.js:115:16
4 verbose stack     at FSReqCallback.readFileAfterClose [as oncomplete] (internal/fs/read_file_context.js:61:3)
5 verbose cwd F:\AAA\前端\第10阶段：vue.js\19-项目实战\mall
6 verbose Windows_NT 10.0.17763
7 verbose argv "D:\\node\\node.exe" "D:\\node\\node_modules\\npm\\bin\\npm-cli.js" "run" "server"
8 verbose node v12.13.1
9 verbose npm  v6.12.1
10 error missing script: server
10 error
10 error Did you mean this?
10 error     serve
11 verbose exit [ 1, true ]
